<?xml version="1.0" encoding="UTF-8"?>
<testng-results ignored="0" total="1" passed="1" failed="0" skipped="0">
  <reporter-output>
  </reporter-output>
  <suite started-at="2024-04-05T11:56:38 IST" name="Default suite" finished-at="2024-04-05T11:56:59 IST" duration-ms="20695">
    <groups>
    </groups>
    <test started-at="2024-04-05T11:56:38 IST" name="Default test" finished-at="2024-04-05T11:56:59 IST" duration-ms="20695">
      <class name="testCase.Testcase">
        <test-method is-config="true" signature="beforeSuite()[pri:0, instance:testCase.Testcase@5403f35f]" started-at="2024-04-05T11:56:38 IST" name="beforeSuite" finished-at="2024-04-05T11:56:38 IST" duration-ms="9" status="PASS">
          <reporter-output>
          </reporter-output>
        </test-method> <!-- beforeSuite -->
        <test-method is-config="true" signature="beforeClass()[pri:0, instance:testCase.Testcase@5403f35f]" started-at="2024-04-05T11:56:38 IST" name="beforeClass" finished-at="2024-04-05T11:56:38 IST" duration-ms="0" status="PASS">
          <reporter-output>
          </reporter-output>
        </test-method> <!-- beforeClass -->
        <test-method is-config="true" signature="beforeMethod()[pri:0, instance:testCase.Testcase@5403f35f]" started-at="2024-04-05T11:56:38 IST" name="beforeMethod" finished-at="2024-04-05T11:56:38 IST" duration-ms="0" status="PASS">
          <reporter-output>
          </reporter-output>
        </test-method> <!-- beforeMethod -->
        <test-method signature="f()[pri:0, instance:testCase.Testcase@5403f35f]" started-at="2024-04-05T11:56:38 IST" name="f" finished-at="2024-04-05T11:56:59 IST" duration-ms="20653" status="PASS">
          <reporter-output>
          </reporter-output>
        </test-method> <!-- f -->
        <test-method is-config="true" signature="afterMethod()[pri:0, instance:testCase.Testcase@5403f35f]" started-at="2024-04-05T11:56:59 IST" name="afterMethod" finished-at="2024-04-05T11:56:59 IST" duration-ms="0" status="PASS">
          <reporter-output>
          </reporter-output>
        </test-method> <!-- afterMethod -->
        <test-method is-config="true" signature="afterClass()[pri:0, instance:testCase.Testcase@5403f35f]" started-at="2024-04-05T11:56:59 IST" name="afterClass" finished-at="2024-04-05T11:56:59 IST" duration-ms="0" status="PASS">
          <reporter-output>
          </reporter-output>
        </test-method> <!-- afterClass -->
        <test-method is-config="true" signature="afterSuite()[pri:0, instance:testCase.Testcase@5403f35f]" started-at="2024-04-05T11:56:59 IST" name="afterSuite" finished-at="2024-04-05T11:56:59 IST" duration-ms="0" status="PASS">
          <reporter-output>
          </reporter-output>
        </test-method> <!-- afterSuite -->
      </class> <!-- testCase.Testcase -->
    </test> <!-- Default test -->
  </suite> <!-- Default suite -->
</testng-results>
